1545534351804	mozrunner::runner	INFO	Running command: "C:\\Program Files\\Mozilla Firefox\\firefox.exe" "-marionette" "-foreground" "-no-remote" "-profile" "C:\\Users\\FSZ\\AppData\\Local\\Temp\\rust_mozprofile.FL9dhjl4cRvy"
1545534352337	addons.webextension.screenshots@mozilla.org	WARN	Loading extension 'screenshots@mozilla.org': Reading manifest: Invalid host permission: resource://pdf.js/
1545534352337	addons.webextension.screenshots@mozilla.org	WARN	Loading extension 'screenshots@mozilla.org': Reading manifest: Invalid host permission: about:reader*
1545534355664	Marionette	INFO	Listening on port 65350
1545534356118	Marionette	WARN	TLS certificate errors will be ignored for this session
JavaScript error: https://ss1.bdstatic.com/5eN1bjq8AAUYm2zgoY3K/r/www/cache/static/protocol/https/plugins/every_cookie_4644b13.js, line 4: ReferenceError: c is not defined
JavaScript error: https://sp0.baidu.com/5a1Fazu8AA54nxGko9WTAnF6hhy/su?wd=se&json=1&p=3&sid=26524_1459_21102_28131_27750_28140&req=2&csor=2&pwd=s&cb=jQuery110208616430733146099_1545534358435&_=1545534358438, line 1: TypeError: jQuery110208616430733146099_1545534358435 is not a function
JavaScript error: https://sp0.baidu.com/5a1Fazu8AA54nxGko9WTAnF6hhy/su?wd=s&json=1&p=3&sid=26524_1459_21102_28131_27750_28140&req=2&csor=1&cb=jQuery110208616430733146099_1545534358435&_=1545534358437, line 1: TypeError: jQuery110208616430733146099_1545534358435 is not a function
JavaScript error: https://sp0.baidu.com/5a1Fazu8AA54nxGko9WTAnF6hhy/su?wd=sele&json=1&p=3&sid=26524_1459_21102_28131_27750_28140&req=2&csor=4&pwd=sel&cb=jQuery110208616430733146099_1545534358435&_=1545534358440, line 1: TypeError: jQuery110208616430733146099_1545534358435 is not a function
JavaScript error: https://sp0.baidu.com/5a1Fazu8AA54nxGko9WTAnF6hhy/su?wd=seleni&json=1&p=3&sid=26524_1459_21102_28131_27750_28140&req=2&csor=6&pwd=selen&cb=jQuery110208616430733146099_1545534358435&_=1545534358442, line 1: TypeError: jQuery110208616430733146099_1545534358435 is not a function
JavaScript error: https://sp0.baidu.com/5a1Fazu8AA54nxGko9WTAnF6hhy/su?wd=sel&json=1&p=3&sid=26524_1459_21102_28131_27750_28140&req=2&csor=3&pwd=se&cb=jQuery110208616430733146099_1545534358435&_=1545534358439, line 1: TypeError: jQuery110208616430733146099_1545534358435 is not a function
JavaScript error: https://sp0.baidu.com/5a1Fazu8AA54nxGko9WTAnF6hhy/su?wd=selen&json=1&p=3&sid=26524_1459_21102_28131_27750_28140&req=2&csor=5&pwd=sele&cb=jQuery110208616430733146099_1545534358435&_=1545534358441, line 1: TypeError: jQuery110208616430733146099_1545534358435 is not a function
JavaScript error: https://sp0.baidu.com/5a1Fazu8AA54nxGko9WTAnF6hhy/su?wd=seleniu&json=1&p=3&sid=26524_1459_21102_28131_27750_28140&req=2&csor=7&pwd=seleni&cb=jQuery110208616430733146099_1545534358435&_=1545534358443, line 1: TypeError: jQuery110208616430733146099_1545534358435 is not a function
JavaScript error: https://sp0.baidu.com/5a1Fazu8AA54nxGko9WTAnF6hhy/su?wd=selenium&json=1&p=3&sid=26524_1459_21102_28131_27750_28140&req=2&csor=8&pwd=seleniu&cb=jQuery110208616430733146099_1545534358435&_=1545534358444, line 1: TypeError: jQuery110208616430733146099_1545534358435 is not a function
1545534390074	Marionette	INFO	Stopped listening on port 65350
[Parent 9820, Gecko_IOThread] WARNING: pipe error: 109: file z:/build/build/src/ipc/chromium/src/chrome/common/ipc_channel_win.cc, line 346
[Parent 9820, Gecko_IOThread] WARNING: pipe error: 109: file z:/build/build/src/ipc/chromium/src/chrome/common/ipc_channel_win.cc, line 346
[Child 8144, Chrome_ChildThread] WARNING: pipe error: 109: file z:/build/build/src/ipc/chromium/src/chrome/common/ipc_channel_win.cc, line 346
[Child 8144, Chrome_ChildThread] WARNING: pipe error: 109: file z:/build/build/src/ipc/chromium/src/chrome/common/ipc_channel_win.cc, line 346
[Parent 9820, Gecko_IOThread] WARNING: pipe error: 109: file z:/build/build/src/ipc/chromium/src/chrome/common/ipc_channel_win.cc, line 346
[Child 5496, Chrome_ChildThread] WARNING: pipe error: 109: file z:/build/build/src/ipc/chromium/src/chrome/common/ipc_channel_win.cc, line 346
[Ch
###!!! [Child][RunMessage] Error: Channel closing: too late to send/recv, messages will be lost

[GPU 12
###!!! [Child][MessageChannel::SendAndWait] Error: Channel error: cannot send/recv

1545534412632	mozrunner::runner	INFO	Running command: "C:\\Program Files\\Mozilla Firefox\\firefox.exe" "-marionette" "-foreground" "-no-remote" "-profile" "C:\\Users\\FSZ\\AppData\\Local\\Temp\\rust_mozprofile.By3uy8YOHKSZ"
1545534413190	addons.webextension.screenshots@mozilla.org	WARN	Loading extension 'screenshots@mozilla.org': Reading manifest: Invalid host permission: resource://pdf.js/
1545534413190	addons.webextension.screenshots@mozilla.org	WARN	Loading extension 'screenshots@mozilla.org': Reading manifest: Invalid host permission: about:reader*
[Parent 14236, Gecko_IOThread] WARNING: pipe error: 109: file z:/build/build/src/ipc/chromium/src/chrome/common/ipc_channel_win.cc, line 346
[Child 13704, Chrome_ChildThread] WARNING: pipe error: 109: file z:/build/build/src/ipc/chromium/src/chrome/common/ipc_channel_win.cc, line 346
[Child 13704, Chrome_ChildThread] WAR1545534416781	Marionette	INFO	Listening on port 49167
1545534416938	Marionette	WARN	TLS certificate errors will be ignored for this session
JavaScript error: https://ss1.bdstatic.com/5eN1bjq8AAUYm2zgoY3K/r/www/cache/static/protocol/https/plugins/every_cookie_4644b13.js, line 4: ReferenceError: c is not defined
JavaScript error: https://sp0.baidu.com/5a1Fazu8AA54nxGko9WTAnF6hhy/su?wd=s&json=1&p=3&sid=1469_21078_28132_27750_28140_22075&req=2&csor=1&cb=jQuery110203646429237752188_1545534419115&_=1545534419117, line 1: TypeError: jQuery110203646429237752188_1545534419115 is not a function
JavaScript error: https://sp0.baidu.com/5a1Fazu8AA54nxGko9WTAnF6hhy/su?wd=se&json=1&p=3&sid=1469_21078_28132_27750_28140_22075&req=2&csor=2&pwd=s&cb=jQuery110203646429237752188_1545534419115&_=1545534419118, line 1: TypeError: jQuery110203646429237752188_1545534419115 is not a function
JavaScript error: https://sp0.baidu.com/5a1Fazu8AA54nxGko9WTAnF6hhy/su?wd=sel&json=1&p=3&sid=1469_21078_28132_27750_28140_22075&req=2&csor=3&pwd=se&cb=jQuery110203646429237752188_1545534419115&_=1545534419119, line 1: TypeError: jQuery110203646429237752188_1545534419115 is not a function
JavaScript error: https://sp0.baidu.com/5a1Fazu8AA54nxGko9WTAnF6hhy/su?wd=sele&json=1&p=3&sid=1469_21078_28132_27750_28140_22075&req=2&csor=4&pwd=sel&cb=jQuery110203646429237752188_1545534419115&_=1545534419120, line 1: TypeError: jQuery110203646429237752188_1545534419115 is not a function
JavaScript error: https://sp0.baidu.com/5a1Fazu8AA54nxGko9WTAnF6hhy/su?wd=selen&json=1&p=3&sid=1469_21078_28132_27750_28140_22075&req=2&csor=5&pwd=sele&cb=jQuery110203646429237752188_1545534419115&_=1545534419121, line 1: TypeError: jQuery110203646429237752188_1545534419115 is not a function
JavaScript error: https://sp0.baidu.com/5a1Fazu8AA54nxGko9WTAnF6hhy/su?wd=seleni&json=1&p=3&sid=1469_21078_28132_27750_28140_22075&req=2&csor=6&pwd=selen&cb=jQuery110203646429237752188_1545534419115&_=1545534419122, line 1: TypeError: jQuery110203646429237752188_1545534419115 is not a function
JavaScript error: https://sp0.baidu.com/5a1Fazu8AA54nxGko9WTAnF6hhy/su?wd=selenium&json=1&p=3&sid=1469_21078_28132_27750_28140_22075&req=2&csor=8&pwd=seleniu&cb=jQuery110203646429237752188_1545534419115&_=1545534419124, line 1: TypeError: jQuery110203646429237752188_1545534419115 is not a function
JavaScript error: https://sp0.baidu.com/5a1Fazu8AA54nxGko9WTAnF6hhy/su?wd=seleniu&json=1&p=3&sid=1469_21078_28132_27750_28140_22075&req=2&csor=7&pwd=seleni&cb=jQuery110203646429237752188_1545534419115&_=1545534419123, line 1: TypeError: jQuery110203646429237752188_1545534419115 is not a function
1545534451233	Marionette	INFO	Stopped listening on port 49167
[Parent 14236, Gecko_IOThread] WARNING: pipe error: 109: file z:/build/build/src/ipc/chromium/src/chrome/common/ipc_channel_win.cc, line 346
[Child 12204, Chrome_ChildThread] WARNING: pipe error: 109: file z:/build/build/src/ipc/chromium/src/chrome/common/ipc_channel_win.cc, line 346
[Child 12204, Chrome_ChildThread] WARNING: pipe error: 109: file z:/build/build/src/ipc/chromium/src/chrome/common/ipc_channel_win.cc, line 346
[Child 13432, Chrome_ChildThread] WARNING: pipe error: 109: file z:/build/build/src/ipc/chromium/src/chrome/common/ipc_channel_win.cc, line 346
[Chi[Parent 14236, Gecko_IOThread] WARNING: pipe error: 109: file z:/build/build/src/ipc/chromium/src/chrome/common/ipc_channel_win.cc, line 346
[Child 4684, Chrome_ChildThread] WARNING: pipe error: 109: file z:/build/build/src/ipc/chromium/src/chrome/common/ipc_channel_win.cc, line 346
[Child 4684, Chrome_ChildThread] WARNING: pipe error
###!!! [Child][RunMessage] Error: Channel closing: too late to send/recv, messages will be lost

[GPU 1
###!!! [Child][MessageChannel::SendAndWait] Error: Channel error: cannot send/recv

